I 2022/07/22 18:09:59 working.go:107: 
      ___                                   ___           ___           ___
     /  /\        ___           ___        /__/\         /  /\         /__/\
    /  /:/_      /  /\         /__/|       \  \:\       /  /::\        \  \:\
   /  /:/ /\    /  /:/        |  |:|        \  \:\     /  /:/\:\        \  \:\
  /  /:/ /::\  /__/::\        |  |:|    ___  \  \:\   /  /:/~/::\   _____\__\:\
 /__/:/ /:/\:\ \__\/\:\__   __|__|:|   /__/\  \__\:\ /__/:/ /:/\:\ /__/::::::::\
 \  \:\/:/~/:/    \  \:\/\ /__/::::\   \  \:\ /  /:/ \  \:\/:/__\/ \  \:\~~\~~\/
  \  \::/ /:/      \__\::/    ~\~~\:\   \  \:\  /:/   \  \::/       \  \:\  ~~~
   \__\/ /:/       /__/:/       \  \:\   \  \:\/:/     \  \:\        \  \:\
     /__/:/        \__\/         \__\/    \  \::/       \  \:\        \  \:\
     \__\/                                 \__\/         \__\/         \__\/
I 2022/07/22 18:09:59 runtime.go:47: kernel is booting:
    * ver [2.1.2]
    * arch [amd64]
    * runtime mode [prod]
    * working directory [/usr/lib/siyuan-note]
    * read only [false]
    * container [std]
    * database [ver=20220501]
    * workspace directory [/home/lubingyu/Notes/SiYuan, data 20 kB]
I 2022/07/22 18:09:59 conf.go:100: initialized the specified language [zh_CN]
I 2022/07/22 18:09:59 serve.go:79: kernel is booting [http://127.0.0.1:6806]
I 2022/07/22 18:09:59 database.go:85: reinitialized database [/home/lubingyu/Notes/SiYuan/temp/siyuan.db]
I 2022/07/22 18:09:59 conf.go:527: database size [4.1 kB], block count [0]
I 2022/07/22 18:09:59 working.go:143: kernel booted
I 2022/07/22 18:10:01 index.go:222: rebuilt database for notebook [20210808180117-czj9bvb] in [0.25s], tree [count=49, size=1.2 MB]
I 2022/07/22 18:10:01 index.go:359: resolved refs [78] in [74ms]
I 2022/07/22 18:58:42 conf.go:370: exited kernel
I 2022/07/23 21:17:30 working.go:107: 
      ___                                   ___           ___           ___
     /  /\        ___           ___        /__/\         /  /\         /__/\
    /  /:/_      /  /\         /__/|       \  \:\       /  /::\        \  \:\
   /  /:/ /\    /  /:/        |  |:|        \  \:\     /  /:/\:\        \  \:\
  /  /:/ /::\  /__/::\        |  |:|    ___  \  \:\   /  /:/~/::\   _____\__\:\
 /__/:/ /:/\:\ \__\/\:\__   __|__|:|   /__/\  \__\:\ /__/:/ /:/\:\ /__/::::::::\
 \  \:\/:/~/:/    \  \:\/\ /__/::::\   \  \:\ /  /:/ \  \:\/:/__\/ \  \:\~~\~~\/
  \  \::/ /:/      \__\::/    ~\~~\:\   \  \:\  /:/   \  \::/       \  \:\  ~~~
   \__\/ /:/       /__/:/       \  \:\   \  \:\/:/     \  \:\        \  \:\
     /__/:/        \__\/         \__\/    \  \::/       \  \:\        \  \:\
     \__\/                                 \__\/         \__\/         \__\/
I 2022/07/23 21:17:30 runtime.go:47: kernel is booting:
    * ver [2.1.2]
    * arch [amd64]
    * runtime mode [prod]
    * working directory [/usr/lib/siyuan-note]
    * read only [false]
    * container [std]
    * database [ver=20220501]
    * workspace directory [/home/lubingyu/Notes/SiYuan, data 3.2 MB]
I 2022/07/23 21:17:30 serve.go:79: kernel is booting [http://127.0.0.1:6806]
I 2022/07/23 21:17:30 conf.go:527: database size [5.6 MB], block count [1963]
I 2022/07/23 21:17:30 working.go:143: kernel booted
I 2022/07/23 21:17:56 index.go:222: rebuilt database for notebook [20220723211756-jcowo8s] in [0.01s], tree [count=0, size=0 B]
I 2022/07/23 21:17:56 index.go:359: resolved refs [0] in [6ms]
I 2022/07/24 09:00:48 process.go:46: received os signal [terminated], exit kernel process now
I 2022/07/24 09:00:48 conf.go:370: exited kernel
I 2022/07/27 10:55:34 working.go:107: 
      ___                                   ___           ___           ___
     /  /\        ___           ___        /__/\         /  /\         /__/\
    /  /:/_      /  /\         /__/|       \  \:\       /  /::\        \  \:\
   /  /:/ /\    /  /:/        |  |:|        \  \:\     /  /:/\:\        \  \:\
  /  /:/ /::\  /__/::\        |  |:|    ___  \  \:\   /  /:/~/::\   _____\__\:\
 /__/:/ /:/\:\ \__\/\:\__   __|__|:|   /__/\  \__\:\ /__/:/ /:/\:\ /__/::::::::\
 \  \:\/:/~/:/    \  \:\/\ /__/::::\   \  \:\ /  /:/ \  \:\/:/__\/ \  \:\~~\~~\/
  \  \::/ /:/      \__\::/    ~\~~\:\   \  \:\  /:/   \  \::/       \  \:\  ~~~
   \__\/ /:/       /__/:/       \  \:\   \  \:\/:/     \  \:\        \  \:\
     /__/:/        \__\/         \__\/    \  \::/       \  \:\        \  \:\
     \__\/                                 \__\/         \__\/         \__\/
I 2022/07/27 10:55:34 runtime.go:47: kernel is booting:
    * ver [2.1.2]
    * arch [amd64]
    * runtime mode [prod]
    * working directory [/usr/lib/siyuan-note]
    * read only [false]
    * container [std]
    * database [ver=20220501]
    * workspace directory [/home/lubingyu/Notes/SiYuan, data 3.2 MB]
I 2022/07/27 10:55:34 serve.go:79: kernel is booting [http://127.0.0.1:6806]
I 2022/07/27 10:55:34 conf.go:527: database size [5.6 MB], block count [9]
I 2022/07/27 10:55:34 working.go:143: kernel booted
